\BOOKMARK [0][-]{chapter.1}{Bid Overview}{}% 1
\BOOKMARK [1][-]{section.1.1}{Backend}{chapter.1}% 2
\BOOKMARK [1][-]{section.1.2}{Frontend}{chapter.1}% 3
\BOOKMARK [0][-]{chapter.2}{Developer Overview}{}% 4
\BOOKMARK [1][-]{section.2.1}{Libraries}{chapter.2}% 5
\BOOKMARK [1][-]{section.2.2}{General Application Setup \(\137\137init\137\137.py\)}{chapter.2}% 6
\BOOKMARK [0][-]{chapter.3}{Models Overview}{}% 7
\BOOKMARK [1][-]{section.3.1}{Activation Model}{chapter.3}% 8
\BOOKMARK [1][-]{section.3.2}{Advertisement Model}{chapter.3}% 9
\BOOKMARK [1][-]{section.3.3}{Answer Model}{chapter.3}% 10
\BOOKMARK [1][-]{section.3.4}{Evaluation Model}{chapter.3}% 11
\BOOKMARK [1][-]{section.3.5}{Patient Model}{chapter.3}% 12
\BOOKMARK [1][-]{section.3.6}{PatientEvaluationAnswer Model}{chapter.3}% 13
\BOOKMARK [1][-]{section.3.7}{Practice Model}{chapter.3}% 14
\BOOKMARK [1][-]{section.3.8}{Question Model}{chapter.3}% 15
\BOOKMARK [1][-]{section.3.9}{Role Model}{chapter.3}% 16
\BOOKMARK [1][-]{section.3.10}{User Model}{chapter.3}% 17
\BOOKMARK [0][-]{chapter.4}{API Overview}{}% 18
\BOOKMARK [1][-]{section.4.1}{Base URL, HTTPS, and Versioning}{chapter.4}% 19
\BOOKMARK [1][-]{section.4.2}{Credentials}{chapter.4}% 20
\BOOKMARK [1][-]{section.4.3}{GET Requests}{chapter.4}% 21
\BOOKMARK [1][-]{section.4.4}{Headers}{chapter.4}% 22
\BOOKMARK [1][-]{section.4.5}{Header Formulas}{chapter.4}% 23
\BOOKMARK [1][-]{section.4.6}{Response Codes}{chapter.4}% 24
\BOOKMARK [0][-]{chapter.5}{Advertisements API}{}% 25
\BOOKMARK [1][-]{section.5.1}{Retrieve Advertisement details}{chapter.5}% 26
\BOOKMARK [1][-]{section.5.2}{Retrieve Advertisement details}{chapter.5}% 27
\BOOKMARK [0][-]{chapter.6}{Evaluations API}{}% 28
\BOOKMARK [1][-]{section.6.1}{Create an Evaluation}{chapter.6}% 29
\BOOKMARK [1][-]{section.6.2}{Retrieve Evaluation details}{chapter.6}% 30
\BOOKMARK [1][-]{section.6.3}{Update an Evaluation}{chapter.6}% 31
\BOOKMARK [1][-]{section.6.4}{Delete a patient}{chapter.6}% 32
\BOOKMARK [0][-]{chapter.7}{Patients API}{}% 33
\BOOKMARK [1][-]{section.7.1}{Create a patient}{chapter.7}% 34
\BOOKMARK [1][-]{section.7.2}{Retrieve Patient details}{chapter.7}% 35
\BOOKMARK [1][-]{section.7.3}{Update a patient}{chapter.7}% 36
\BOOKMARK [1][-]{section.7.4}{Delete a patient}{chapter.7}% 37
\BOOKMARK [0][-]{chapter.8}{Practitioners API}{}% 38
\BOOKMARK [1][-]{section.8.1}{Create a Practitioner}{chapter.8}% 39
\BOOKMARK [1][-]{section.8.2}{Retrieve Practitioner details}{chapter.8}% 40
\BOOKMARK [1][-]{section.8.3}{Update a Practitioner}{chapter.8}% 41
\BOOKMARK [1][-]{section.8.4}{Delete a Practitioner}{chapter.8}% 42
\BOOKMARK [1][-]{section.8.5}{Authenticate a Practitioner}{chapter.8}% 43
\BOOKMARK [0][-]{chapter.9}{Advertisements Blueprint Overview}{}% 44
\BOOKMARK [1][-]{section.9.1}{Advertisements Models}{chapter.9}% 45
\BOOKMARK [1][-]{section.9.2}{Advertisements Forms}{chapter.9}% 46
\BOOKMARK [1][-]{section.9.3}{Advertisements Views}{chapter.9}% 47
\BOOKMARK [0][-]{chapter.10}{Evaluations Blueprint Overview}{}% 48
\BOOKMARK [1][-]{section.10.1}{Evaluations Models}{chapter.10}% 49
\BOOKMARK [1][-]{section.10.2}{Evaluations Forms}{chapter.10}% 50
\BOOKMARK [1][-]{section.10.3}{Evaluations Views}{chapter.10}% 51
\BOOKMARK [0][-]{chapter.11}{Patients Blueprint Overview}{}% 52
\BOOKMARK [1][-]{section.11.1}{Patients Models}{chapter.11}% 53
\BOOKMARK [0][-]{chapter.12}{Practices Blueprint Overview}{}% 54
\BOOKMARK [1][-]{section.12.1}{Practices Models}{chapter.12}% 55
\BOOKMARK [1][-]{section.12.2}{Practices Forms}{chapter.12}% 56
\BOOKMARK [1][-]{section.12.3}{Practices Views}{chapter.12}% 57
\BOOKMARK [0][-]{chapter.13}{Users Blueprint Overview}{}% 58
\BOOKMARK [1][-]{section.13.1}{Users Models}{chapter.13}% 59
\BOOKMARK [1][-]{section.13.2}{Users Forms}{chapter.13}% 60
\BOOKMARK [1][-]{section.13.3}{Users Views}{chapter.13}% 61
\BOOKMARK [0][-]{chapter.14}{Indices and tables}{}% 62
\BOOKMARK [0][-]{section*.65}{Python Module Index}{}% 63
\BOOKMARK [0][-]{section*.66}{Index}{}% 64
